{"numFailedTestSuites":11,"numFailedTests":0,"numPassedTestSuites":4,"numPassedTests":10,"numPendingTestSuites":0,"numPendingTests":0,"numRuntimeErrorTestSuites":11,"numTotalTestSuites":15,"numTotalTests":10,"openHandles":[],"snapshot":{"added":0,"didUpdate":false,"failure":false,"filesAdded":0,"filesRemoved":0,"filesUnmatched":0,"filesUpdated":0,"matched":0,"total":0,"unchecked":0,"uncheckedKeysByFile":[],"unmatched":0,"updated":0},"startTime":1557333500699,"success":false,"testResults":[{"assertionResults":[{"ancestorTitles":["Shex ShapeForm Component"],"failureMessages":[],"fullName":"Shex ShapeForm Component should renders without crashing","location":null,"status":"passed","title":"should renders without crashing"},{"ancestorTitles":["Shex ShapeForm Component"],"failureMessages":[],"fullName":"Shex ShapeForm Component should renders language version","location":null,"status":"passed","title":"should renders language version"},{"ancestorTitles":["Shex ShapeForm Component"],"failureMessages":[],"fullName":"Shex ShapeForm Component should not renders if canDelete is false","location":null,"status":"passed","title":"should not renders if canDelete is false"}],"endTime":1557333503164,"message":"","name":"/Users/pablorodriguez/Documents/dev/solid-react-components/src/lib/components/ShexForm/children/DeleteButton/delete-button.component.test.js","startTime":1557333502075,"status":"passed","summary":""},{"assertionResults":[],"coverage":{},"endTime":1557333504490,"message":"  ● Test suite failed to run\n\n    Configuration error:\n\n    Could not locate module @utils mapped as:\n    /Users/pablorodriguez/Documents/dev/solid-react-components/src/utils.\n\n    Please check your configuration for these entries:\n    {\n      \"moduleNameMapper\": {\n        \"/@utils/\": \"/Users/pablorodriguez/Documents/dev/solid-react-components/src/utils\"\n      },\n      \"resolver\": /Users/pablorodriguez/Documents/dev/solid-react-components/node_modules/jest-pnp-resolver/index.js\n    }\n\n      4 | import LoginForm from \"./children/Form\";\n      5 | // Utils\n    > 6 | import { SolidError } from \"@utils\";\n        | ^\n      7 | // Entities\n      8 | import { Provider } from \"@entities\";\n      9 | \n\n      at createNoMappedModuleFoundError (node_modules/jest-resolve/build/index.js:411:17)\n      at Object.<anonymous> (src/lib/components/ProviderLogin/provider-login.container.js:6:1)\n","name":"/Users/pablorodriguez/Documents/dev/solid-react-components/src/lib/components/ProviderSelect/provider.select.component.test.js","startTime":1557333504490,"status":"failed","summary":""},{"assertionResults":[],"coverage":{},"endTime":1557333504490,"message":"  ● Test suite failed to run\n\n    Configuration error:\n\n    Could not locate module @utils mapped as:\n    /Users/pablorodriguez/Documents/dev/solid-react-components/src/utils.\n\n    Please check your configuration for these entries:\n    {\n      \"moduleNameMapper\": {\n        \"/@utils/\": \"/Users/pablorodriguez/Documents/dev/solid-react-components/src/utils\"\n      },\n      \"resolver\": /Users/pablorodriguez/Documents/dev/solid-react-components/node_modules/jest-pnp-resolver/index.js\n    }\n\n      1 | import React, { Fragment } from \"react\";\n    > 2 | import { shexFormLabel, allowNewFields, canDelete } from \"@utils\";\n        | ^\n      3 | import { Language } from \"@context\";\n      4 | import { AddButton } from \"./\";\n      5 | import { Field } from \"./\";\n\n      at createNoMappedModuleFoundError (node_modules/jest-resolve/build/index.js:411:17)\n      at Object.<anonymous> (src/lib/components/ShexForm/children/expression-fields.component.js:2:1)\n","name":"/Users/pablorodriguez/Documents/dev/solid-react-components/src/lib/components/ShexForm/children/InputField/input-field.component.test.js","startTime":1557333504490,"status":"failed","summary":""},{"assertionResults":[],"coverage":{},"endTime":1557333504490,"message":"  ● Test suite failed to run\n\n    Configuration error:\n\n    Could not locate module @utils mapped as:\n    /Users/pablorodriguez/Documents/dev/solid-react-components/src/utils.\n\n    Please check your configuration for these entries:\n    {\n      \"moduleNameMapper\": {\n        \"/@utils/\": \"/Users/pablorodriguez/Documents/dev/solid-react-components/src/utils\"\n      },\n      \"resolver\": /Users/pablorodriguez/Documents/dev/solid-react-components/node_modules/jest-pnp-resolver/index.js\n    }\n\n      4 | import LoginForm from \"./children/Form\";\n      5 | // Utils\n    > 6 | import { SolidError } from \"@utils\";\n        | ^\n      7 | // Entities\n      8 | import { Provider } from \"@entities\";\n      9 | \n\n      at createNoMappedModuleFoundError (node_modules/jest-resolve/build/index.js:411:17)\n      at Object.<anonymous> (src/lib/components/ProviderLogin/provider-login.container.js:6:1)\n","name":"/Users/pablorodriguez/Documents/dev/solid-react-components/src/lib/components/withAuthorization/with-authorization.test.js","startTime":1557333504490,"status":"failed","summary":""},{"assertionResults":[],"coverage":{},"endTime":1557333504490,"message":"  ● Test suite failed to run\n\n    Configuration error:\n\n    Could not locate module @utils mapped as:\n    /Users/pablorodriguez/Documents/dev/solid-react-components/src/utils.\n\n    Please check your configuration for these entries:\n    {\n      \"moduleNameMapper\": {\n        \"/@utils/\": \"/Users/pablorodriguez/Documents/dev/solid-react-components/src/utils\"\n      },\n      \"resolver\": /Users/pablorodriguez/Documents/dev/solid-react-components/node_modules/jest-pnp-resolver/index.js\n    }\n\n      1 | import React, { Fragment } from \"react\";\n    > 2 | import { shexFormLabel, allowNewFields, canDelete } from \"@utils\";\n        | ^\n      3 | import { Language } from \"@context\";\n      4 | import { AddButton } from \"./\";\n      5 | import { Field } from \"./\";\n\n      at createNoMappedModuleFoundError (node_modules/jest-resolve/build/index.js:411:17)\n      at Object.<anonymous> (src/lib/components/ShexForm/children/expression-fields.component.js:2:1)\n","name":"/Users/pablorodriguez/Documents/dev/solid-react-components/src/lib/components/ShexForm/children/DropDownField/dropdown-field.component.test.js","startTime":1557333504490,"status":"failed","summary":""},{"assertionResults":[],"coverage":{},"endTime":1557333504490,"message":"  ● Test suite failed to run\n\n    Configuration error:\n\n    Could not locate module @utils mapped as:\n    /Users/pablorodriguez/Documents/dev/solid-react-components/src/utils.\n\n    Please check your configuration for these entries:\n    {\n      \"moduleNameMapper\": {\n        \"/@utils/\": \"/Users/pablorodriguez/Documents/dev/solid-react-components/src/utils\"\n      },\n      \"resolver\": /Users/pablorodriguez/Documents/dev/solid-react-components/node_modules/jest-pnp-resolver/index.js\n    }\n\n      4 | import LoginForm from \"./children/Form\";\n      5 | // Utils\n    > 6 | import { SolidError } from \"@utils\";\n        | ^\n      7 | // Entities\n      8 | import { Provider } from \"@entities\";\n      9 | \n\n      at createNoMappedModuleFoundError (node_modules/jest-resolve/build/index.js:411:17)\n      at Object.<anonymous> (src/lib/components/ProviderLogin/provider-login.container.js:6:1)\n","name":"/Users/pablorodriguez/Documents/dev/solid-react-components/src/lib/components/ShexFormBuilder/shex-form-builder.component.test.js","startTime":1557333504490,"status":"failed","summary":""},{"assertionResults":[],"coverage":{},"endTime":1557333504490,"message":"  ● Test suite failed to run\n\n    Configuration error:\n\n    Could not locate module @utils mapped as:\n    /Users/pablorodriguez/Documents/dev/solid-react-components/src/utils.\n\n    Please check your configuration for these entries:\n    {\n      \"moduleNameMapper\": {\n        \"/@utils/\": \"/Users/pablorodriguez/Documents/dev/solid-react-components/src/utils\"\n      },\n      \"resolver\": /Users/pablorodriguez/Documents/dev/solid-react-components/node_modules/jest-pnp-resolver/index.js\n    }\n\n      1 | import React from \"react\";\n    > 2 | import { shexFormLabel } from \"@utils\";\n        | ^\n      3 | import { Language } from \"@context\";\n      4 | \n      5 | export const AddButton = ({\n\n      at createNoMappedModuleFoundError (node_modules/jest-resolve/build/index.js:411:17)\n      at Object.<anonymous> (src/lib/components/ShexForm/children/AddButton/add-button.component.js:2:1)\n","name":"/Users/pablorodriguez/Documents/dev/solid-react-components/src/lib/components/ShexForm/children/AddButton/add-button.component.test.js","startTime":1557333504490,"status":"failed","summary":""},{"assertionResults":[{"ancestorTitles":["Shex ShapeForm Component"],"failureMessages":[],"fullName":"Shex ShapeForm Component shoud renders without crashing","location":null,"status":"passed","title":"shoud renders without crashing"}],"endTime":1557333503670,"message":"","name":"/Users/pablorodriguez/Documents/dev/solid-react-components/src/lib/components/ShexForm/shex-form.test.js","startTime":1557333503565,"status":"passed","summary":""},{"assertionResults":[],"coverage":{},"endTime":1557333504490,"message":"  ● Test suite failed to run\n\n    Configuration error:\n\n    Could not locate module @utils mapped as:\n    /Users/pablorodriguez/Documents/dev/solid-react-components/src/utils.\n\n    Please check your configuration for these entries:\n    {\n      \"moduleNameMapper\": {\n        \"/@utils/\": \"/Users/pablorodriguez/Documents/dev/solid-react-components/src/utils\"\n      },\n      \"resolver\": /Users/pablorodriguez/Documents/dev/solid-react-components/node_modules/jest-pnp-resolver/index.js\n    }\n\n      1 | import React from \"react\";\n    > 2 | import { findAnnotation } from \"@utils\";\n        | ^\n      3 | import { InputField, DropDownField } from \"../\";\n      4 | \n      5 | type FieldProps = {\n\n      at createNoMappedModuleFoundError (node_modules/jest-resolve/build/index.js:411:17)\n      at Object.<anonymous> (src/lib/components/ShexForm/children/Field/field.component.js:2:1)\n","name":"/Users/pablorodriguez/Documents/dev/solid-react-components/src/lib/components/ShexForm/children/Field/field.component.test.js","startTime":1557333504490,"status":"failed","summary":""},{"assertionResults":[{"ancestorTitles":["should render without crashing"],"failureMessages":[],"fullName":"should render without crashing should render component","location":null,"status":"passed","title":"should render component"},{"ancestorTitles":["should render without crashing"],"failureMessages":[],"fullName":"should render without crashing should render No image without upload file","location":null,"status":"passed","title":"should render No image without upload file"},{"ancestorTitles":["should render without crashing"],"failureMessages":[],"fullName":"should render without crashing should render image if was uploaded","location":null,"status":"passed","title":"should render image if was uploaded"},{"ancestorTitles":["should render without crashing"],"failureMessages":[],"fullName":"should render without crashing should render upload button","location":null,"status":"passed","title":"should render upload button"}],"endTime":1557333503758,"message":"","name":"/Users/pablorodriguez/Documents/dev/solid-react-components/src/lib/components/ProfileUploader/profile-uploader.test.js","startTime":1557333503454,"status":"passed","summary":""},{"assertionResults":[],"coverage":{},"endTime":1557333504490,"message":"  ● Test suite failed to run\n\n    Configuration error:\n\n    Could not locate module @utils mapped as:\n    /Users/pablorodriguez/Documents/dev/solid-react-components/src/utils.\n\n    Please check your configuration for these entries:\n    {\n      \"moduleNameMapper\": {\n        \"/@utils/\": \"/Users/pablorodriguez/Documents/dev/solid-react-components/src/utils\"\n      },\n      \"resolver\": /Users/pablorodriguez/Documents/dev/solid-react-components/node_modules/jest-pnp-resolver/index.js\n    }\n\n      1 | import React, { Component } from 'react';\n    > 2 | import { SolidError } from '@utils';\n        | ^\n      3 | import { lookup, extension } from 'mime-types';\n      4 | import auth from 'solid-auth-client';\n      5 | import { UploadedFiles, SolidError as SolidErrorEntity } from '@entities';\n\n      at createNoMappedModuleFoundError (node_modules/jest-resolve/build/index.js:411:17)\n      at Object.<anonymous> (src/lib/components/Uploader/uploader.component.js:2:1)\n","name":"/Users/pablorodriguez/Documents/dev/solid-react-components/src/lib/components/Uploader/uploader.test.js","startTime":1557333504490,"status":"failed","summary":""},{"assertionResults":[],"coverage":{},"endTime":1557333504490,"message":"  ● Test suite failed to run\n\n    Configuration error:\n\n    Could not locate module @utils mapped as:\n    /Users/pablorodriguez/Documents/dev/solid-react-components/src/utils.\n\n    Please check your configuration for these entries:\n    {\n      \"moduleNameMapper\": {\n        \"/@utils/\": \"/Users/pablorodriguez/Documents/dev/solid-react-components/src/utils\"\n      },\n      \"resolver\": /Users/pablorodriguez/Documents/dev/solid-react-components/node_modules/jest-pnp-resolver/index.js\n    }\n\n       5 | import unique from 'unique-string';\n       6 | import auth from 'solid-auth-client';\n    >  7 | import { findAnnotation } from \"@utils\";\n         | ^\n       8 | import { Expression, Annotation, ShexJ, Shape } from \"@entities\";\n       9 | \n      10 | type Options = {\n\n      at createNoMappedModuleFoundError (node_modules/jest-resolve/build/index.js:411:17)\n      at Object.<anonymous> (src/lib/hooks/useShex.js:7:1)\n","name":"/Users/pablorodriguez/Documents/dev/solid-react-components/src/lib/hooks/useShex.test.js","startTime":1557333504490,"status":"failed","summary":""},{"assertionResults":[],"coverage":{},"endTime":1557333504490,"message":"  ● Test suite failed to run\n\n    Configuration error:\n\n    Could not locate module @utils mapped as:\n    /Users/pablorodriguez/Documents/dev/solid-react-components/src/utils.\n\n    Please check your configuration for these entries:\n    {\n      \"moduleNameMapper\": {\n        \"/@utils/\": \"/Users/pablorodriguez/Documents/dev/solid-react-components/src/utils\"\n      },\n      \"resolver\": /Users/pablorodriguez/Documents/dev/solid-react-components/node_modules/jest-pnp-resolver/index.js\n    }\n\n       5 | import unique from 'unique-string';\n       6 | import auth from 'solid-auth-client';\n    >  7 | import { findAnnotation } from \"@utils\";\n         | ^\n       8 | import { Expression, Annotation, ShexJ, Shape } from \"@entities\";\n       9 | \n      10 | type Options = {\n\n      at createNoMappedModuleFoundError (node_modules/jest-resolve/build/index.js:411:17)\n      at Object.<anonymous> (src/lib/hooks/useShex.js:7:1)\n","name":"/Users/pablorodriguez/Documents/dev/solid-react-components/src/lib/hooks/useForm.test.js","startTime":1557333504490,"status":"failed","summary":""},{"assertionResults":[{"ancestorTitles":["Private Route"],"failureMessages":[],"fullName":"Private Route should render loading when user is not logged","location":null,"status":"passed","title":"should render loading when user is not logged"},{"ancestorTitles":["Private Route"],"failureMessages":[],"fullName":"Private Route should not render loader when user is logged","location":null,"status":"passed","title":"should not render loader when user is logged"}],"endTime":1557333504442,"message":"","name":"/Users/pablorodriguez/Documents/dev/solid-react-components/src/lib/components/PrivateRoute/private-route.component.test.js","startTime":1557333502074,"status":"passed","summary":""},{"assertionResults":[],"coverage":{},"endTime":1557333504490,"message":"  ● Test suite failed to run\n\n    Configuration error:\n\n    Could not locate module @utils mapped as:\n    /Users/pablorodriguez/Documents/dev/solid-react-components/src/utils.\n\n    Please check your configuration for these entries:\n    {\n      \"moduleNameMapper\": {\n        \"/@utils/\": \"/Users/pablorodriguez/Documents/dev/solid-react-components/src/utils\"\n      },\n      \"resolver\": /Users/pablorodriguez/Documents/dev/solid-react-components/node_modules/jest-pnp-resolver/index.js\n    }\n\n      1 | import React, { Component } from 'react';\n    > 2 | import { SolidError } from '@utils';\n        | ^\n      3 | import { lookup, extension } from 'mime-types';\n      4 | import auth from 'solid-auth-client';\n      5 | import { UploadedFiles, SolidError as SolidErrorEntity } from '@entities';\n\n      at createNoMappedModuleFoundError (node_modules/jest-resolve/build/index.js:411:17)\n      at Object.<anonymous> (src/lib/components/Uploader/uploader.component.js:2:1)\n","name":"/Users/pablorodriguez/Documents/dev/solid-react-components/src/lib/components/ProviderLogin/provider-login.container.test.js","startTime":1557333504490,"status":"failed","summary":""}],"wasInterrupted":false}