{"numFailedTestSuites":3,"numFailedTests":0,"numPassedTestSuites":6,"numPassedTests":12,"numPendingTestSuites":0,"numPendingTests":0,"numRuntimeErrorTestSuites":3,"numTotalTestSuites":9,"numTotalTests":12,"openHandles":[],"snapshot":{"added":0,"didUpdate":false,"failure":false,"filesAdded":0,"filesRemoved":0,"filesUnmatched":0,"filesUpdated":0,"matched":0,"total":0,"unchecked":0,"uncheckedKeysByFile":[],"unmatched":0,"updated":0},"startTime":1556818206753,"success":false,"testResults":[{"assertionResults":[{"ancestorTitles":["should render without crashing"],"failureMessages":[],"fullName":"should render without crashing should render component","location":null,"status":"passed","title":"should render component"},{"ancestorTitles":["should render without crashing"],"failureMessages":[],"fullName":"should render without crashing should render No image without upload file","location":null,"status":"passed","title":"should render No image without upload file"},{"ancestorTitles":["should render without crashing"],"failureMessages":[],"fullName":"should render without crashing should render image if was uploaded","location":null,"status":"passed","title":"should render image if was uploaded"},{"ancestorTitles":["should render without crashing"],"failureMessages":[],"fullName":"should render without crashing should render upload button","location":null,"status":"passed","title":"should render upload button"}],"endTime":1556818209744,"message":"","name":"/Users/jairocampos/Public/janeiro/solid-react-components/src/lib/components/ProfileUploader/profile-uploader.test.js","startTime":1556818208424,"status":"passed","summary":""},{"assertionResults":[{"ancestorTitles":["Solid Uploader","render without crashing"],"failureMessages":[],"fullName":"Solid Uploader render without crashing should render uploader component","location":null,"status":"passed","title":"should render uploader component"},{"ancestorTitles":["Solid Uploader","render without crashing"],"failureMessages":[],"fullName":"Solid Uploader render without crashing should render component by prop","location":null,"status":"passed","title":"should render component by prop"},{"ancestorTitles":["Solid Uploader","render without crashing"],"failureMessages":[],"fullName":"Solid Uploader render without crashing should render input file","location":null,"status":"passed","title":"should render input file"}],"endTime":1556818210737,"message":"","name":"/Users/jairocampos/Public/janeiro/solid-react-components/src/lib/components/Uploader/uploader.test.js","startTime":1556818209770,"status":"passed","summary":""},{"assertionResults":[{"ancestorTitles":["Shex ShapeForm Component"],"failureMessages":[],"fullName":"Shex ShapeForm Component shoud renders without crashing","location":null,"status":"passed","title":"shoud renders without crashing"}],"endTime":1556818210884,"message":"","name":"/Users/jairocampos/Public/janeiro/solid-react-components/src/lib/components/ShexForm/shex-form.test.js","startTime":1556818210752,"status":"passed","summary":""},{"assertionResults":[{"ancestorTitles":["Private Route"],"failureMessages":[],"fullName":"Private Route should render loading when user is not logged","location":null,"status":"passed","title":"should render loading when user is not logged"},{"ancestorTitles":["Private Route"],"failureMessages":[],"fullName":"Private Route should not render loader when user is logged","location":null,"status":"passed","title":"should not render loader when user is logged"}],"endTime":1556818211708,"message":"","name":"/Users/jairocampos/Public/janeiro/solid-react-components/src/lib/components/PrivateRoute/private-route.component.test.js","startTime":1556818208424,"status":"passed","summary":""},{"assertionResults":[{"ancestorTitles":["useForm"],"failureMessages":[],"fullName":"useForm returns function and empty object","location":null,"status":"passed","title":"returns function and empty object"}],"endTime":1556818212566,"message":"","name":"/Users/jairocampos/Public/janeiro/solid-react-components/src/lib/hooks/useForm.test.js","startTime":1556818208424,"status":"passed","summary":""},{"assertionResults":[{"ancestorTitles":["useShex"],"failureMessages":[],"fullName":"useShex returns object when shexC is not loaded","location":null,"status":"passed","title":"returns object when shexC is not loaded"}],"endTime":1556818212583,"message":"","name":"/Users/jairocampos/Public/janeiro/solid-react-components/src/lib/hooks/useShex.test.js","startTime":1556818208427,"status":"passed","summary":""},{"assertionResults":[],"coverage":{},"endTime":1556818212985,"message":"  \u001b[1m● \u001b[22mTest suite failed to run\n\n    Cannot find module '@context' from 'delete-button.component.js'\n\n    \u001b[0m \u001b[90m 1 | \u001b[39m\u001b[36mimport\u001b[39m \u001b[33mReact\u001b[39m from \u001b[32m\"react\"\u001b[39m\u001b[33m;\u001b[39m\u001b[0m\n    \u001b[0m \u001b[90m 2 | \u001b[39m\u001b[36mimport\u001b[39m styled from \u001b[32m\"styled-components\"\u001b[39m\u001b[33m;\u001b[39m\u001b[0m\n    \u001b[0m\u001b[31m\u001b[1m>\u001b[22m\u001b[39m\u001b[90m 3 | \u001b[39m\u001b[36mimport\u001b[39m { \u001b[33mThemeShex\u001b[39m } from \u001b[32m\"@context\"\u001b[39m\u001b[33m;\u001b[39m\u001b[0m\n    \u001b[0m \u001b[90m   | \u001b[39m\u001b[31m\u001b[1m^\u001b[22m\u001b[39m\u001b[0m\n    \u001b[0m \u001b[90m 4 | \u001b[39m\u001b[0m\n    \u001b[0m \u001b[90m 5 | \u001b[39m\u001b[36mconst\u001b[39m \u001b[33mDeleteButtonWrapper\u001b[39m \u001b[33m=\u001b[39m styled\u001b[33m.\u001b[39mbutton\u001b[32m`\u001b[39m\u001b[0m\n    \u001b[0m \u001b[90m 6 | \u001b[39m\u001b[32m  position: absolute;\u001b[39m\u001b[0m\n\n      \u001b[2mat Resolver.resolveModule (\u001b[22m\u001b[0m\u001b[36mnode_modules/jest-resolve/build/index.js\u001b[39m\u001b[0m\u001b[2m:221:17)\u001b[22m\n      \u001b[2mat Object.<anonymous> (\u001b[22m\u001b[0m\u001b[36msrc/lib/components/ShexForm/children/DeleteButton/delete-button.component.js\u001b[39m\u001b[0m\u001b[2m:3:1)\u001b[22m\n","name":"/Users/jairocampos/Public/janeiro/solid-react-components/src/lib/components/withAuthorization/with-authorization.test.js","startTime":1556818212985,"status":"failed","summary":""},{"assertionResults":[],"coverage":{},"endTime":1556818212985,"message":"  \u001b[1m● \u001b[22mTest suite failed to run\n\n    Cannot find module '@context' from 'delete-button.component.js'\n\n    \u001b[0m \u001b[90m 1 | \u001b[39m\u001b[36mimport\u001b[39m \u001b[33mReact\u001b[39m from \u001b[32m\"react\"\u001b[39m\u001b[33m;\u001b[39m\u001b[0m\n    \u001b[0m \u001b[90m 2 | \u001b[39m\u001b[36mimport\u001b[39m styled from \u001b[32m\"styled-components\"\u001b[39m\u001b[33m;\u001b[39m\u001b[0m\n    \u001b[0m\u001b[31m\u001b[1m>\u001b[22m\u001b[39m\u001b[90m 3 | \u001b[39m\u001b[36mimport\u001b[39m { \u001b[33mThemeShex\u001b[39m } from \u001b[32m\"@context\"\u001b[39m\u001b[33m;\u001b[39m\u001b[0m\n    \u001b[0m \u001b[90m   | \u001b[39m\u001b[31m\u001b[1m^\u001b[22m\u001b[39m\u001b[0m\n    \u001b[0m \u001b[90m 4 | \u001b[39m\u001b[0m\n    \u001b[0m \u001b[90m 5 | \u001b[39m\u001b[36mconst\u001b[39m \u001b[33mDeleteButtonWrapper\u001b[39m \u001b[33m=\u001b[39m styled\u001b[33m.\u001b[39mbutton\u001b[32m`\u001b[39m\u001b[0m\n    \u001b[0m \u001b[90m 6 | \u001b[39m\u001b[32m  position: absolute;\u001b[39m\u001b[0m\n\n      \u001b[2mat Resolver.resolveModule (\u001b[22m\u001b[0m\u001b[36mnode_modules/jest-resolve/build/index.js\u001b[39m\u001b[0m\u001b[2m:221:17)\u001b[22m\n      \u001b[2mat Object.<anonymous> (\u001b[22m\u001b[0m\u001b[36msrc/lib/components/ShexForm/children/DeleteButton/delete-button.component.js\u001b[39m\u001b[0m\u001b[2m:3:1)\u001b[22m\n","name":"/Users/jairocampos/Public/janeiro/solid-react-components/src/lib/components/ProviderLogin/provider-login.container.test.js","startTime":1556818212985,"status":"failed","summary":""},{"assertionResults":[],"coverage":{},"endTime":1556818212985,"message":"  \u001b[1m● \u001b[22mTest suite failed to run\n\n    Cannot find module '@context' from 'delete-button.component.js'\n\n    \u001b[0m \u001b[90m 1 | \u001b[39m\u001b[36mimport\u001b[39m \u001b[33mReact\u001b[39m from \u001b[32m\"react\"\u001b[39m\u001b[33m;\u001b[39m\u001b[0m\n    \u001b[0m \u001b[90m 2 | \u001b[39m\u001b[36mimport\u001b[39m styled from \u001b[32m\"styled-components\"\u001b[39m\u001b[33m;\u001b[39m\u001b[0m\n    \u001b[0m\u001b[31m\u001b[1m>\u001b[22m\u001b[39m\u001b[90m 3 | \u001b[39m\u001b[36mimport\u001b[39m { \u001b[33mThemeShex\u001b[39m } from \u001b[32m\"@context\"\u001b[39m\u001b[33m;\u001b[39m\u001b[0m\n    \u001b[0m \u001b[90m   | \u001b[39m\u001b[31m\u001b[1m^\u001b[22m\u001b[39m\u001b[0m\n    \u001b[0m \u001b[90m 4 | \u001b[39m\u001b[0m\n    \u001b[0m \u001b[90m 5 | \u001b[39m\u001b[36mconst\u001b[39m \u001b[33mDeleteButtonWrapper\u001b[39m \u001b[33m=\u001b[39m styled\u001b[33m.\u001b[39mbutton\u001b[32m`\u001b[39m\u001b[0m\n    \u001b[0m \u001b[90m 6 | \u001b[39m\u001b[32m  position: absolute;\u001b[39m\u001b[0m\n\n      \u001b[2mat Resolver.resolveModule (\u001b[22m\u001b[0m\u001b[36mnode_modules/jest-resolve/build/index.js\u001b[39m\u001b[0m\u001b[2m:221:17)\u001b[22m\n      \u001b[2mat Object.<anonymous> (\u001b[22m\u001b[0m\u001b[36msrc/lib/components/ShexForm/children/DeleteButton/delete-button.component.js\u001b[39m\u001b[0m\u001b[2m:3:1)\u001b[22m\n","name":"/Users/jairocampos/Public/janeiro/solid-react-components/src/lib/components/ProviderSelect/provider.select.component.test.js","startTime":1556818212985,"status":"failed","summary":""}],"wasInterrupted":false}